<?xml version="1.0" encoding="UTF-8"?>
<!-- Generated by org.testng.reporters.JUnitXMLReporter -->
<testsuite ignored="0" hostname="CHANU" failures="0" tests="18" name="Test" time="36.621" errors="0" timestamp="2023-07-13T16:26:43 IST">
  <testcase classname="Main.Main" name="driverSetup" time="3.106"/>
  <testcase classname="Main.Main" name="websiteNavigation" time="6.386"/>
  <testcase classname="UpcomingBikes.UpcomingBikes" name="newBikes" time="0.224"/>
  <testcase classname="UpcomingBikes.UpcomingBikes" name="upcomingBikes" time="0.903"/>
  <testcase classname="UpcomingBikes.UpcomingBikes" name="bikeCompany" time="3.775"/>
  <testcase classname="UpcomingBikes.UpcomingBikes" name="upcomingBikesData" time="0.448"/>
  <testcase classname="UpcomingBikes.UpcomingBikes" name="navigateBack" time="1.929"/>
  <testcase classname="UsedCars.UsedCars" name="usedCars" time="0.783"/>
  <testcase classname="UsedCars.UsedCars" name="usedCarsLocation" time="2.182"/>
  <testcase classname="UsedCars.UsedCars" name="usedCarsData" time="0.314"/>
  <testcase classname="UsedCars.UsedCars" name="back" time="1.852"/>
  <testcase classname="LoginSetup.LoginSetup" name="signup" time="3.173"/>
  <testcase classname="LoginSetup.LoginSetup" name="signUpUsingGoogle" time="0.23"/>
  <testcase classname="LoginSetup.LoginSetup" name="switchingWindow" time="8.095"/>
  <testcase classname="LoginSetup.LoginSetup" name="emailLogin" time="0.382"/>
  <testcase classname="LoginSetup.LoginSetup" name="errorCapture" time="0.212"/>
  <testcase classname="captureScreenshot.CaptureScreenshot" name="getScreenshot" time="0.145"/>
  <testcase classname="captureScreenshot.CaptureScreenshot" name="exit" time="2.409"/>
</testsuite> <!-- Test -->
