<?xml version="1.0" encoding="UTF-8"?>
<testng-results ignored="0" total="18" passed="18" failed="0" skipped="0">
  <reporter-output>
  </reporter-output>
  <suite started-at="2023-07-13T16:26:06 IST" name="Suite" finished-at="2023-07-13T16:26:43 IST" duration-ms="36621">
    <groups>
    </groups>
    <test started-at="2023-07-13T16:26:06 IST" name="Test" finished-at="2023-07-13T16:26:43 IST" duration-ms="36621">
      <class name="LoginSetup.LoginSetup">
        <test-method signature="signup()[pri:1, instance:LoginSetup.LoginSetup@5b12b668]" started-at="2023-07-13T16:26:28 IST" name="signup" finished-at="2023-07-13T16:26:31 IST" duration-ms="3173" status="PASS">
          <reporter-output>
          </reporter-output>
        </test-method> <!-- signup -->
        <test-method signature="signUpUsingGoogle()[pri:2, instance:LoginSetup.LoginSetup@5b12b668]" started-at="2023-07-13T16:26:31 IST" name="signUpUsingGoogle" finished-at="2023-07-13T16:26:31 IST" duration-ms="230" status="PASS">
          <reporter-output>
          </reporter-output>
        </test-method> <!-- signUpUsingGoogle -->
        <test-method signature="switchingWindow()[pri:3, instance:LoginSetup.LoginSetup@5b12b668]" started-at="2023-07-13T16:26:31 IST" name="switchingWindow" finished-at="2023-07-13T16:26:40 IST" duration-ms="8095" status="PASS">
          <reporter-output>
          </reporter-output>
        </test-method> <!-- switchingWindow -->
        <test-method signature="emailLogin()[pri:4, instance:LoginSetup.LoginSetup@5b12b668]" started-at="2023-07-13T16:26:40 IST" name="emailLogin" finished-at="2023-07-13T16:26:40 IST" duration-ms="382" status="PASS">
          <reporter-output>
          </reporter-output>
        </test-method> <!-- emailLogin -->
        <test-method signature="errorCapture()[pri:5, instance:LoginSetup.LoginSetup@5b12b668]" started-at="2023-07-13T16:26:40 IST" name="errorCapture" finished-at="2023-07-13T16:26:40 IST" duration-ms="212" status="PASS">
          <reporter-output>
          </reporter-output>
        </test-method> <!-- errorCapture -->
      </class> <!-- LoginSetup.LoginSetup -->
      <class name="UsedCars.UsedCars">
        <test-method signature="usedCars()[pri:1, instance:UsedCars.UsedCars@327514f]" started-at="2023-07-13T16:26:23 IST" name="usedCars" finished-at="2023-07-13T16:26:24 IST" duration-ms="783" status="PASS">
          <reporter-output>
          </reporter-output>
        </test-method> <!-- usedCars -->
        <test-method signature="usedCarsLocation()[pri:2, instance:UsedCars.UsedCars@327514f]" started-at="2023-07-13T16:26:24 IST" name="usedCarsLocation" finished-at="2023-07-13T16:26:26 IST" duration-ms="2182" status="PASS">
          <reporter-output>
          </reporter-output>
        </test-method> <!-- usedCarsLocation -->
        <test-method signature="usedCarsData()[pri:3, instance:UsedCars.UsedCars@327514f]" started-at="2023-07-13T16:26:26 IST" name="usedCarsData" finished-at="2023-07-13T16:26:26 IST" duration-ms="314" status="PASS">
          <reporter-output>
          </reporter-output>
        </test-method> <!-- usedCarsData -->
        <test-method signature="back()[pri:4, instance:UsedCars.UsedCars@327514f]" started-at="2023-07-13T16:26:26 IST" name="back" finished-at="2023-07-13T16:26:28 IST" duration-ms="1852" status="PASS">
          <reporter-output>
          </reporter-output>
        </test-method> <!-- back -->
      </class> <!-- UsedCars.UsedCars -->
      <class name="UpcomingBikes.UpcomingBikes">
        <test-method signature="newBikes()[pri:1, instance:UpcomingBikes.UpcomingBikes@4c402120]" started-at="2023-07-13T16:26:16 IST" name="newBikes" finished-at="2023-07-13T16:26:16 IST" duration-ms="224" status="PASS">
          <reporter-output>
          </reporter-output>
        </test-method> <!-- newBikes -->
        <test-method signature="upcomingBikes()[pri:2, instance:UpcomingBikes.UpcomingBikes@4c402120]" started-at="2023-07-13T16:26:16 IST" name="upcomingBikes" finished-at="2023-07-13T16:26:17 IST" duration-ms="903" status="PASS">
          <reporter-output>
          </reporter-output>
        </test-method> <!-- upcomingBikes -->
        <test-method signature="bikeCompany()[pri:3, instance:UpcomingBikes.UpcomingBikes@4c402120]" started-at="2023-07-13T16:26:17 IST" name="bikeCompany" finished-at="2023-07-13T16:26:21 IST" duration-ms="3775" status="PASS">
          <reporter-output>
          </reporter-output>
        </test-method> <!-- bikeCompany -->
        <test-method signature="upcomingBikesData()[pri:4, instance:UpcomingBikes.UpcomingBikes@4c402120]" started-at="2023-07-13T16:26:21 IST" name="upcomingBikesData" finished-at="2023-07-13T16:26:21 IST" duration-ms="448" status="PASS">
          <reporter-output>
          </reporter-output>
        </test-method> <!-- upcomingBikesData -->
        <test-method signature="navigateBack()[pri:5, instance:UpcomingBikes.UpcomingBikes@4c402120]" started-at="2023-07-13T16:26:21 IST" name="navigateBack" finished-at="2023-07-13T16:26:23 IST" duration-ms="1929" status="PASS">
          <reporter-output>
          </reporter-output>
        </test-method> <!-- navigateBack -->
      </class> <!-- UpcomingBikes.UpcomingBikes -->
      <class name="Main.Main">
        <test-method is-config="true" signature="getConfigData()[pri:0, instance:Main.Main@54d9d12d]" started-at="2023-07-13T16:26:06 IST" name="getConfigData" finished-at="2023-07-13T16:26:06 IST" duration-ms="17" status="PASS">
          <reporter-output>
          </reporter-output>
        </test-method> <!-- getConfigData -->
        <test-method signature="driverSetup()[pri:1, instance:Main.Main@54d9d12d]" started-at="2023-07-13T16:26:06 IST" name="driverSetup" finished-at="2023-07-13T16:26:09 IST" duration-ms="3106" status="PASS">
          <reporter-output>
          </reporter-output>
        </test-method> <!-- driverSetup -->
        <test-method signature="websiteNavigation()[pri:2, instance:Main.Main@54d9d12d]" started-at="2023-07-13T16:26:09 IST" name="websiteNavigation" finished-at="2023-07-13T16:26:16 IST" duration-ms="6386" status="PASS">
          <reporter-output>
          </reporter-output>
        </test-method> <!-- websiteNavigation -->
      </class> <!-- Main.Main -->
      <class name="captureScreenshot.CaptureScreenshot">
        <test-method signature="getScreenshot()[pri:0, instance:captureScreenshot.CaptureScreenshot@1165b38]" started-at="2023-07-13T16:26:40 IST" name="getScreenshot" finished-at="2023-07-13T16:26:40 IST" duration-ms="145" status="PASS">
          <reporter-output>
          </reporter-output>
        </test-method> <!-- getScreenshot -->
        <test-method signature="exit()[pri:2, instance:captureScreenshot.CaptureScreenshot@1165b38]" started-at="2023-07-13T16:26:40 IST" name="exit" finished-at="2023-07-13T16:26:43 IST" duration-ms="2409" status="PASS">
          <reporter-output>
          </reporter-output>
        </test-method> <!-- exit -->
      </class> <!-- captureScreenshot.CaptureScreenshot -->
    </test> <!-- Test -->
  </suite> <!-- Suite -->
</testng-results>
