<?xml version="1.0" encoding="UTF-8"?>
<!-- Generated by org.testng.reporters.JUnitXMLReporter -->
<testsuite ignored="0" hostname="LTIN192735" failures="0" tests="20" name="Default test" time="67.281" errors="0" timestamp="2023-06-16T11:44:31 IST">
  <testcase classname="Main.Main" name="getConfigData" time="0.017"/>
  <testcase classname="Main.Main" name="driverSetup" time="8.545"/>
  <testcase classname="Main.Main" name="websiteNavigation" time="6.831"/>
  <testcase classname="Main.Main" name="newBikes" time="0.395"/>
  <testcase classname="Main.Main" name="upcomingBikes" time="8.678"/>
  <testcase classname="Main.Main" name="bikeCompany" time="5.004"/>
  <testcase classname="Main.Main" name="upcomingBikesData" time="2.089"/>
  <testcase classname="Main.Main" name="navigateBack" time="3.18"/>
  <testcase classname="Main.Main" name="usedCars" time="2.603"/>
  <testcase classname="Main.Main" name="usedCarsLocation" time="3.693"/>
  <testcase classname="Main.Main" name="usedCarsData" time="0.949"/>
  <testcase classname="Main.Main" name="back" time="3.376"/>
  <testcase classname="Main.Main" name="signup" time="3.511"/>
  <testcase classname="Main.Main" name="signUpUsingGoogle" time="1.272"/>
  <testcase classname="Main.Main" name="switchingWindow" time="9.049"/>
  <testcase classname="Main.Main" name="emailLogin" time="0.72"/>
  <testcase classname="Main.Main" name="errorCapture" time="0.597"/>
  <testcase classname="Main.Main" name="close" time="2.338"/>
  <testcase classname="Main.Main" name="switchingToPreviousWindow" time="0.128"/>
  <testcase classname="Main.Main" name="exit" time="4.076"/>
</testsuite> <!-- Default test -->
